This file contains any messages produced by compilers while
running configure, to aid debugging if configure makes a mistake.

It was created by tdbcsqlite3 configure 1.1.10, which was
generated by GNU Autoconf 2.72.  Invocation command line was

  $ /home/iot25/machenfeng/kank/sq_work/tcl9.0.1/pkgs/tdbcsqlite3-1.1.10/configure --with-tcl=../.. --with-tclinclude=/home/iot25/machenfeng/kank/sq_work/tcl9.0.1/generic --prefix=/home/iot25/machenfeng/kank/sq_work/tcl9.0.1/build --libdir=/home/iot25/machenfeng/kank/sq_work/tcl9.0.1/build/lib --enable-shared

## --------- ##
## Platform. ##
## --------- ##

hostname = Raspberrypi4B
uname -m = armv7l
uname -r = 5.15.32-v7l+
uname -s = Linux
uname -v = #1538 SMP Thu Mar 31 19:39:41 BST 2022

/usr/bin/uname -p = unknown
/bin/uname -X     = unknown

/bin/arch              = armv7l
/usr/bin/arch -k       = unknown
/usr/convex/getsysinfo = unknown
/usr/bin/hostinfo      = unknown
/bin/machine           = unknown
/usr/bin/oslevel       = unknown
/bin/universe          = unknown

PATH: /usr/local/sbin/
PATH: /usr/local/bin/
PATH: /usr/sbin/
PATH: /usr/bin/
PATH: /sbin/
PATH: /bin/
PATH: /usr/local/games/
PATH: /usr/games/
PATH: /home/iot25/machenfeng/kank/temperature_client/sq_work/bin/
PATH: /home/iot25/machenfeng/kank/temperature_client/tcl9.0.1/build/


## ----------- ##
## Core tests. ##
## ----------- ##

configure:2387: checking TEA configuration
configure:2393: result: ok (TEA 3.13)
configure:2480: configuring tdbcsqlite3 1.1.10
configure:2510: checking system version
configure:2538: result: Linux-5.15.32-v7l+
configure:2587: checking for Tcl configuration
configure:2727: result: found /home/iot25/machenfeng/kank/sq_work/tcl9.0.1/build/tclConfig.sh
configure:2795: checking for gcc
configure:2816: found /usr/bin/gcc
configure:2828: result: gcc
configure:3187: checking for C compiler version
configure:3196: gcc --version >&5
gcc (Raspbian 10.2.1-6+rpi1) 10.2.1 20210110
Copyright (C) 2020 Free Software Foundation, Inc.
This is free software; see the source for copying conditions.  There is NO
warranty; not even for MERCHANTABILITY or FITNESS FOR A PARTICULAR PURPOSE.

configure:3207: $? = 0
configure:3196: gcc -v >&5
Using built-in specs.
COLLECT_GCC=gcc
COLLECT_LTO_WRAPPER=/usr/lib/gcc/arm-linux-gnueabihf/10/lto-wrapper
Target: arm-linux-gnueabihf
Configured with: ../src/configure -v --with-pkgversion='Raspbian 10.2.1-6+rpi1' --with-bugurl=file:///usr/share/doc/gcc-10/README.Bugs --enable-languages=c,ada,c++,go,d,fortran,objc,obj-c++,m2 --prefix=/usr --with-gcc-major-version-only --program-suffix=-10 --program-prefix=arm-linux-gnueabihf- --enable-shared --enable-linker-build-id --libexecdir=/usr/lib --without-included-gettext --enable-threads=posix --libdir=/usr/lib --enable-nls --enable-bootstrap --enable-clocale=gnu --enable-libstdcxx-debug --enable-libstdcxx-time=yes --with-default-libstdcxx-abi=new --enable-gnu-unique-object --disable-libitm --disable-libquadmath --disable-libquadmath-support --enable-plugin --with-system-zlib --enable-libphobos-checking=release --with-target-system-zlib=auto --enable-objc-gc=auto --enable-multiarch --disable-sjlj-exceptions --with-arch=armv6 --with-fpu=vfp --with-float=hard --disable-werror --enable-checking=release --build=arm-linux-gnueabihf --host=arm-linux-gnueabihf --target=arm-linux-gnueabihf
Thread model: posix
Supported LTO compression algorithms: zlib zstd
gcc version 10.2.1 20210110 (Raspbian 10.2.1-6+rpi1) 
configure:3207: $? = 0
configure:3196: gcc -V >&5
gcc: error: unrecognized command-line option '-V'
gcc: fatal error: no input files
compilation terminated.
configure:3207: $? = 1
configure:3196: gcc -qversion >&5
gcc: error: unrecognized command-line option '-qversion'; did you mean '--version'?
gcc: fatal error: no input files
compilation terminated.
configure:3207: $? = 1
configure:3196: gcc -version >&5
gcc: error: unrecognized command-line option '-version'
gcc: fatal error: no input files
compilation terminated.
configure:3207: $? = 1
configure:3227: checking whether the C compiler works
configure:3249: gcc    conftest.c  >&5
configure:3253: $? = 0
configure:3304: result: yes
configure:3308: checking for C compiler default output file name
configure:3310: result: a.out
configure:3316: checking for suffix of executables
configure:3323: gcc -o conftest    conftest.c  >&5
configure:3327: $? = 0
configure:3351: result: 
configure:3375: checking whether we are cross compiling
configure:3383: gcc -o conftest    conftest.c  >&5
configure:3387: $? = 0
configure:3394: ./conftest
configure:3398: $? = 0
configure:3413: result: no
configure:3419: checking for suffix of object files
configure:3442: gcc -c   conftest.c >&5
configure:3446: $? = 0
configure:3470: result: o
configure:3474: checking whether the compiler supports GNU C
configure:3494: gcc -c   conftest.c >&5
configure:3494: $? = 0
configure:3506: result: yes
configure:3517: checking whether gcc accepts -g
configure:3538: gcc -c -g  conftest.c >&5
configure:3538: $? = 0
configure:3585: result: yes
configure:3605: checking for gcc option to enable C11 features
configure:3620: gcc  -c   conftest.c >&5
configure:3620: $? = 0
configure:3639: result: none needed
configure:3759: checking for existence of /home/iot25/machenfeng/kank/sq_work/tcl9.0.1/build/tclConfig.sh
configure:3763: result: loading
configure:3817: checking platform
configure:3835: gcc -c   conftest.c >&5
configure:3835: $? = 0
configure:3894: result: unix
configure:3945: checking for tdbc configuration
configure:4035: result: found /home/iot25/machenfeng/kank/sq_work/tcl9.0.1/build/pkgs/tdbc1.1.10/tdbcConfig.sh
configure:4041: checking for existence of /home/iot25/machenfeng/kank/sq_work/tcl9.0.1/build/pkgs/tdbc1.1.10/tdbcConfig.sh
configure:4045: result: loading
configure:4063: WARNING: Found Makefile - using build library specs for tdbc
configure:4136: checking For tdbc_STUB library for LIBS
configure:4169: result: using tdbc_STUB_LIB_SPEC -L/home/iot25/machenfeng/kank/sq_work/tcl9.0.1/build/pkgs/tdbc1.1.10 -ltdbcstub
configure:4183: WARNING: Looking for "/home/iot25/machenfeng/kank/sq_work/tcl9.0.1/build/pkgs/tdbc1.1.10/Makefile"
configure:4186: WARNING: Found Makefile - using build include spec and lib specs for tdbc
configure:4217: --exec-prefix defaulting to TCL_EXEC_PREFIX /home/iot25/machenfeng/kank/sq_work/tcl9.0.1/build
configure:4351: checking for pthread_mutex_init in -lpthread
configure:4380: gcc -o conftest    conftest.c -lpthread   >&5
configure:4380: $? = 0
configure:4392: result: yes
configure:4639: checking for building with threads
configure:4645: result: yes (default)
configure:4736: checking for ranlib
configure:4757: found /usr/bin/ranlib
configure:4769: result: ranlib
configure:4795: checking for stdio.h
configure:4795: gcc -c   conftest.c >&5
configure:4795: $? = 0
configure:4795: result: yes
configure:4795: checking for stdlib.h
configure:4795: gcc -c   conftest.c >&5
configure:4795: $? = 0
configure:4795: result: yes
configure:4795: checking for string.h
configure:4795: gcc -c   conftest.c >&5
configure:4795: $? = 0
configure:4795: result: yes
configure:4795: checking for inttypes.h
configure:4795: gcc -c   conftest.c >&5
configure:4795: $? = 0
configure:4795: result: yes
configure:4795: checking for stdint.h
configure:4795: gcc -c   conftest.c >&5
configure:4795: $? = 0
configure:4795: result: yes
configure:4795: checking for strings.h
configure:4795: gcc -c   conftest.c >&5
configure:4795: $? = 0
configure:4795: result: yes
configure:4795: checking for sys/stat.h
configure:4795: gcc -c   conftest.c >&5
configure:4795: $? = 0
configure:4795: result: yes
configure:4795: checking for sys/types.h
configure:4795: gcc -c   conftest.c >&5
configure:4795: $? = 0
configure:4795: result: yes
configure:4795: checking for unistd.h
configure:4795: gcc -c   conftest.c >&5
configure:4795: $? = 0
configure:4795: result: yes
configure:4825: checking if 64bit support is requested
configure:4836: result: no
configure:4841: checking if 64bit Sparc VIS support is requested
configure:4852: result: no
configure:4863: checking if compiler supports visibility "hidden"
configure:4884: gcc -o conftest  -Werror   conftest.c  >&5
configure:4884: $? = 0
configure:4896: result: yes
configure:4912: checking if rpath support is requested
configure:4923: result: yes
configure:4930: checking system version
configure:4958: result: Linux-5.15.32-v7l+
configure:5046: checking for ar
configure:5067: found /usr/bin/ar
configure:5079: result: ar
configure:6898: checking for cast to union support
configure:6918: gcc -c   conftest.c >&5
configure:6918: $? = 0
configure:6929: result: yes
configure:6937: checking for stdbool.h
configure:6937: gcc -c   conftest.c >&5
configure:6937: $? = 0
configure:6937: result: yes
configure:6963: checking for required early compiler flags
configure:6982: gcc -c   conftest.c >&5
configure:6982: $? = 0
configure:7036: gcc -c   conftest.c >&5
conftest.c: In function 'main':
conftest.c:32:22: error: duplicate case value
   32 | switch (0) { case 0: case (sizeof(off_t)==sizeof(long long)): ; }
      |                      ^~~~
conftest.c:32:14: note: previously used here
   32 | switch (0) { case 0: case (sizeof(off_t)==sizeof(long long)): ; }
      |              ^~~~
configure:7036: $? = 1
configure: failed program was:
| /* confdefs.h */
| #define PACKAGE_NAME "tdbcsqlite3"
| #define PACKAGE_TARNAME "tdbcsqlite3"
| #define PACKAGE_VERSION "1.1.10"
| #define PACKAGE_STRING "tdbcsqlite3 1.1.10"
| #define PACKAGE_BUGREPORT ""
| #define PACKAGE_URL ""
| #define BUILD_tdbcsqlite3 /**/
| #define USE_THREAD_ALLOC 1
| #define _REENTRANT 1
| #define _THREAD_SAFE 1
| #define TCL_THREADS 1
| #define HAVE_STDIO_H 1
| #define HAVE_STDLIB_H 1
| #define HAVE_STRING_H 1
| #define HAVE_INTTYPES_H 1
| #define HAVE_STDINT_H 1
| #define HAVE_STRINGS_H 1
| #define HAVE_SYS_STAT_H 1
| #define HAVE_SYS_TYPES_H 1
| #define HAVE_UNISTD_H 1
| #define STDC_HEADERS 1
| #define MODULE_SCOPE extern __attribute__((__visibility__("hidden")))
| #define HAVE_HIDDEN 1
| #define HAVE_CAST_TO_UNION 1
| #define HAVE_STDBOOL_H 1
| /* end confdefs.h.  */
| #include <sys/stat.h>
| int
| main (void)
| {
| switch (0) { case 0: case (sizeof(off_t)==sizeof(long long)): ; }
|   ;
|   return 0;
| }
configure:7052: gcc -c   conftest.c >&5
configure:7052: $? = 0
configure:7078: result:  _FILE_OFFSET_BITS
configure:7083: checking for 64-bit integer type
configure:7103: gcc -c   conftest.c >&5
conftest.c: In function 'main':
conftest.c:33:1: error: unknown type name '__int64'
   33 | __int64 value = (__int64) 0;
      | ^~~~~~~
conftest.c:33:18: error: '__int64' undeclared (first use in this function)
   33 | __int64 value = (__int64) 0;
      |                  ^~~~~~~
conftest.c:33:18: note: each undeclared identifier is reported only once for each function it appears in
conftest.c:33:27: error: expected ',' or ';' before numeric constant
   33 | __int64 value = (__int64) 0;
      |                           ^
configure:7103: $? = 1
configure: failed program was:
| /* confdefs.h */
| #define PACKAGE_NAME "tdbcsqlite3"
| #define PACKAGE_TARNAME "tdbcsqlite3"
| #define PACKAGE_VERSION "1.1.10"
| #define PACKAGE_STRING "tdbcsqlite3 1.1.10"
| #define PACKAGE_BUGREPORT ""
| #define PACKAGE_URL ""
| #define BUILD_tdbcsqlite3 /**/
| #define USE_THREAD_ALLOC 1
| #define _REENTRANT 1
| #define _THREAD_SAFE 1
| #define TCL_THREADS 1
| #define HAVE_STDIO_H 1
| #define HAVE_STDLIB_H 1
| #define HAVE_STRING_H 1
| #define HAVE_INTTYPES_H 1
| #define HAVE_STDINT_H 1
| #define HAVE_STRINGS_H 1
| #define HAVE_SYS_STAT_H 1
| #define HAVE_SYS_TYPES_H 1
| #define HAVE_UNISTD_H 1
| #define STDC_HEADERS 1
| #define MODULE_SCOPE extern __attribute__((__visibility__("hidden")))
| #define HAVE_HIDDEN 1
| #define HAVE_CAST_TO_UNION 1
| #define HAVE_STDBOOL_H 1
| #define _FILE_OFFSET_BITS 64
| /* end confdefs.h.  */
| 
| int
| main (void)
| {
| __int64 value = (__int64) 0;
|   ;
|   return 0;
| }
configure:7127: gcc -c   conftest.c >&5
configure:7127: $? = 0
configure:7151: result: long long
configure:7156: checking for 64-bit time_t
configure:7174: gcc -c   conftest.c >&5
conftest.c: In function 'main':
conftest.c:34:21: error: duplicate case value
   34 | switch (0) {case 0: case (sizeof(time_t)==sizeof(long long)): ;}
      |                     ^~~~
conftest.c:34:13: note: previously used here
   34 | switch (0) {case 0: case (sizeof(time_t)==sizeof(long long)): ;}
      |             ^~~~
configure:7174: $? = 1
configure: failed program was:
| /* confdefs.h */
| #define PACKAGE_NAME "tdbcsqlite3"
| #define PACKAGE_TARNAME "tdbcsqlite3"
| #define PACKAGE_VERSION "1.1.10"
| #define PACKAGE_STRING "tdbcsqlite3 1.1.10"
| #define PACKAGE_BUGREPORT ""
| #define PACKAGE_URL ""
| #define BUILD_tdbcsqlite3 /**/
| #define USE_THREAD_ALLOC 1
| #define _REENTRANT 1
| #define _THREAD_SAFE 1
| #define TCL_THREADS 1
| #define HAVE_STDIO_H 1
| #define HAVE_STDLIB_H 1
| #define HAVE_STRING_H 1
| #define HAVE_INTTYPES_H 1
| #define HAVE_STDINT_H 1
| #define HAVE_STRINGS_H 1
| #define HAVE_SYS_STAT_H 1
| #define HAVE_SYS_TYPES_H 1
| #define HAVE_UNISTD_H 1
| #define STDC_HEADERS 1
| #define MODULE_SCOPE extern __attribute__((__visibility__("hidden")))
| #define HAVE_HIDDEN 1
| #define HAVE_CAST_TO_UNION 1
| #define HAVE_STDBOOL_H 1
| #define _FILE_OFFSET_BITS 64
| #define TCL_WIDE_INT_TYPE long long
| /* end confdefs.h.  */
| #include <sys/types.h>
| int
| main (void)
| {
| switch (0) {case 0: case (sizeof(time_t)==sizeof(long long)): ;}
|   ;
|   return 0;
| }
configure:7184: result: no
configure:7189: checking if _TIME_BITS=64 enables 64-bit time_t
configure:7208: gcc -c   conftest.c >&5
conftest.c: In function 'main':
conftest.c:35:21: error: duplicate case value
   35 | switch (0) {case 0: case (sizeof(time_t)==sizeof(long long)): ;}
      |                     ^~~~
conftest.c:35:13: note: previously used here
   35 | switch (0) {case 0: case (sizeof(time_t)==sizeof(long long)): ;}
      |             ^~~~
configure:7208: $? = 1
configure: failed program was:
| /* confdefs.h */
| #define PACKAGE_NAME "tdbcsqlite3"
| #define PACKAGE_TARNAME "tdbcsqlite3"
| #define PACKAGE_VERSION "1.1.10"
| #define PACKAGE_STRING "tdbcsqlite3 1.1.10"
| #define PACKAGE_BUGREPORT ""
| #define PACKAGE_URL ""
| #define BUILD_tdbcsqlite3 /**/
| #define USE_THREAD_ALLOC 1
| #define _REENTRANT 1
| #define _THREAD_SAFE 1
| #define TCL_THREADS 1
| #define HAVE_STDIO_H 1
| #define HAVE_STDLIB_H 1
| #define HAVE_STRING_H 1
| #define HAVE_INTTYPES_H 1
| #define HAVE_STDINT_H 1
| #define HAVE_STRINGS_H 1
| #define HAVE_SYS_STAT_H 1
| #define HAVE_SYS_TYPES_H 1
| #define HAVE_UNISTD_H 1
| #define STDC_HEADERS 1
| #define MODULE_SCOPE extern __attribute__((__visibility__("hidden")))
| #define HAVE_HIDDEN 1
| #define HAVE_CAST_TO_UNION 1
| #define HAVE_STDBOOL_H 1
| #define _FILE_OFFSET_BITS 64
| #define TCL_WIDE_INT_TYPE long long
| /* end confdefs.h.  */
| #define _TIME_BITS 64
| #include <sys/types.h>
| int
| main (void)
| {
| switch (0) {case 0: case (sizeof(time_t)==sizeof(long long)): ;}
|   ;
|   return 0;
| }
configure:7218: result: no
configure:7228: checking for struct dirent64
configure:7247: gcc -c   conftest.c >&5
conftest.c: In function 'main':
conftest.c:35:17: error: storage size of 'p' isn't known
   35 | struct dirent64 p;
      |                 ^
configure:7247: $? = 1
configure: failed program was:
| /* confdefs.h */
| #define PACKAGE_NAME "tdbcsqlite3"
| #define PACKAGE_TARNAME "tdbcsqlite3"
| #define PACKAGE_VERSION "1.1.10"
| #define PACKAGE_STRING "tdbcsqlite3 1.1.10"
| #define PACKAGE_BUGREPORT ""
| #define PACKAGE_URL ""
| #define BUILD_tdbcsqlite3 /**/
| #define USE_THREAD_ALLOC 1
| #define _REENTRANT 1
| #define _THREAD_SAFE 1
| #define TCL_THREADS 1
| #define HAVE_STDIO_H 1
| #define HAVE_STDLIB_H 1
| #define HAVE_STRING_H 1
| #define HAVE_INTTYPES_H 1
| #define HAVE_STDINT_H 1
| #define HAVE_STRINGS_H 1
| #define HAVE_SYS_STAT_H 1
| #define HAVE_SYS_TYPES_H 1
| #define HAVE_UNISTD_H 1
| #define STDC_HEADERS 1
| #define MODULE_SCOPE extern __attribute__((__visibility__("hidden")))
| #define HAVE_HIDDEN 1
| #define HAVE_CAST_TO_UNION 1
| #define HAVE_STDBOOL_H 1
| #define _FILE_OFFSET_BITS 64
| #define TCL_WIDE_INT_TYPE long long
| /* end confdefs.h.  */
| #include <sys/types.h>
| #include <dirent.h>
| int
| main (void)
| {
| struct dirent64 p;
|   ;
|   return 0;
| }
configure:7257: result: no
configure:7265: checking for DIR64
configure:7285: gcc -c   conftest.c >&5
conftest.c: In function 'main':
conftest.c:35:21: error: unknown type name 'DIR64'; did you mean 'DIR'?
   35 | struct dirent64 *p; DIR64 d = opendir64(".");
      |                     ^~~~~
      |                     DIR
conftest.c:35:31: warning: implicit declaration of function 'opendir64'; did you mean 'opendir'? [-Wimplicit-function-declaration]
   35 | struct dirent64 *p; DIR64 d = opendir64(".");
      |                               ^~~~~~~~~
      |                               opendir
conftest.c:36:10: warning: implicit declaration of function 'readdir64'; did you mean 'readdir_r'? [-Wimplicit-function-declaration]
   36 |      p = readdir64(d); rewinddir64(d); closedir64(d);
      |          ^~~~~~~~~
      |          readdir_r
conftest.c:36:8: warning: assignment to 'struct dirent64 *' from 'int' makes pointer from integer without a cast [-Wint-conversion]
   36 |      p = readdir64(d); rewinddir64(d); closedir64(d);
      |        ^
conftest.c:36:24: warning: implicit declaration of function 'rewinddir64'; did you mean 'rewinddir'? [-Wimplicit-function-declaration]
   36 |      p = readdir64(d); rewinddir64(d); closedir64(d);
      |                        ^~~~~~~~~~~
      |                        rewinddir
conftest.c:36:40: warning: implicit declaration of function 'closedir64'; did you mean 'closedir'? [-Wimplicit-function-declaration]
   36 |      p = readdir64(d); rewinddir64(d); closedir64(d);
      |                                        ^~~~~~~~~~
      |                                        closedir
configure:7285: $? = 1
configure: failed program was:
| /* confdefs.h */
| #define PACKAGE_NAME "tdbcsqlite3"
| #define PACKAGE_TARNAME "tdbcsqlite3"
| #define PACKAGE_VERSION "1.1.10"
| #define PACKAGE_STRING "tdbcsqlite3 1.1.10"
| #define PACKAGE_BUGREPORT ""
| #define PACKAGE_URL ""
| #define BUILD_tdbcsqlite3 /**/
| #define USE_THREAD_ALLOC 1
| #define _REENTRANT 1
| #define _THREAD_SAFE 1
| #define TCL_THREADS 1
| #define HAVE_STDIO_H 1
| #define HAVE_STDLIB_H 1
| #define HAVE_STRING_H 1
| #define HAVE_INTTYPES_H 1
| #define HAVE_STDINT_H 1
| #define HAVE_STRINGS_H 1
| #define HAVE_SYS_STAT_H 1
| #define HAVE_SYS_TYPES_H 1
| #define HAVE_UNISTD_H 1
| #define STDC_HEADERS 1
| #define MODULE_SCOPE extern __attribute__((__visibility__("hidden")))
| #define HAVE_HIDDEN 1
| #define HAVE_CAST_TO_UNION 1
| #define HAVE_STDBOOL_H 1
| #define _FILE_OFFSET_BITS 64
| #define TCL_WIDE_INT_TYPE long long
| /* end confdefs.h.  */
| #include <sys/types.h>
| #include <dirent.h>
| int
| main (void)
| {
| struct dirent64 *p; DIR64 d = opendir64(".");
| 	    p = readdir64(d); rewinddir64(d); closedir64(d);
|   ;
|   return 0;
| }
configure:7295: result: no
configure:7303: checking for struct stat64
configure:7322: gcc -c   conftest.c >&5
conftest.c: In function 'main':
conftest.c:34:15: error: storage size of 'p' isn't known
   34 | struct stat64 p;
      |               ^
configure:7322: $? = 1
configure: failed program was:
| /* confdefs.h */
| #define PACKAGE_NAME "tdbcsqlite3"
| #define PACKAGE_TARNAME "tdbcsqlite3"
| #define PACKAGE_VERSION "1.1.10"
| #define PACKAGE_STRING "tdbcsqlite3 1.1.10"
| #define PACKAGE_BUGREPORT ""
| #define PACKAGE_URL ""
| #define BUILD_tdbcsqlite3 /**/
| #define USE_THREAD_ALLOC 1
| #define _REENTRANT 1
| #define _THREAD_SAFE 1
| #define TCL_THREADS 1
| #define HAVE_STDIO_H 1
| #define HAVE_STDLIB_H 1
| #define HAVE_STRING_H 1
| #define HAVE_INTTYPES_H 1
| #define HAVE_STDINT_H 1
| #define HAVE_STRINGS_H 1
| #define HAVE_SYS_STAT_H 1
| #define HAVE_SYS_TYPES_H 1
| #define HAVE_UNISTD_H 1
| #define STDC_HEADERS 1
| #define MODULE_SCOPE extern __attribute__((__visibility__("hidden")))
| #define HAVE_HIDDEN 1
| #define HAVE_CAST_TO_UNION 1
| #define HAVE_STDBOOL_H 1
| #define _FILE_OFFSET_BITS 64
| #define TCL_WIDE_INT_TYPE long long
| /* end confdefs.h.  */
| #include <sys/stat.h>
| int
| main (void)
| {
| struct stat64 p;
| 
|   ;
|   return 0;
| }
configure:7332: result: no
configure:7340: checking for open64
configure:7340: gcc -o conftest    -Wl,--export-dynamic  conftest.c  >&5
configure:7340: $? = 0
configure:7340: result: yes
configure:7346: checking for lseek64
configure:7346: gcc -o conftest    -Wl,--export-dynamic  conftest.c  >&5
configure:7346: $? = 0
configure:7346: result: yes
configure:7353: checking for off64_t
configure:7372: gcc -c   conftest.c >&5
conftest.c: In function 'main':
conftest.c:36:1: error: unknown type name 'off64_t'; did you mean 'off_t'?
   36 | off64_t offset;
      | ^~~~~~~
      | off_t
configure:7372: $? = 1
configure: failed program was:
| /* confdefs.h */
| #define PACKAGE_NAME "tdbcsqlite3"
| #define PACKAGE_TARNAME "tdbcsqlite3"
| #define PACKAGE_VERSION "1.1.10"
| #define PACKAGE_STRING "tdbcsqlite3 1.1.10"
| #define PACKAGE_BUGREPORT ""
| #define PACKAGE_URL ""
| #define BUILD_tdbcsqlite3 /**/
| #define USE_THREAD_ALLOC 1
| #define _REENTRANT 1
| #define _THREAD_SAFE 1
| #define TCL_THREADS 1
| #define HAVE_STDIO_H 1
| #define HAVE_STDLIB_H 1
| #define HAVE_STRING_H 1
| #define HAVE_INTTYPES_H 1
| #define HAVE_STDINT_H 1
| #define HAVE_STRINGS_H 1
| #define HAVE_SYS_STAT_H 1
| #define HAVE_SYS_TYPES_H 1
| #define HAVE_UNISTD_H 1
| #define STDC_HEADERS 1
| #define MODULE_SCOPE extern __attribute__((__visibility__("hidden")))
| #define HAVE_HIDDEN 1
| #define HAVE_CAST_TO_UNION 1
| #define HAVE_STDBOOL_H 1
| #define _FILE_OFFSET_BITS 64
| #define TCL_WIDE_INT_TYPE long long
| #define HAVE_OPEN64 1
| #define HAVE_LSEEK64 1
| /* end confdefs.h.  */
| #include <sys/types.h>
| int
| main (void)
| {
| off64_t offset;
| 
|   ;
|   return 0;
| }
configure:7392: result: no
configure:7400: checking for build with symbols
configure:7414: result: no
configure:7464: checking for tclsh
configure:7499: result: /home/iot25/machenfeng/kank/sq_work/tcl9.0.1/build/tclsh
configure:7662: creating ./config.status

## ---------------------- ##
## Running config.status. ##
## ---------------------- ##

This file was extended by tdbcsqlite3 config.status 1.1.10, which was
generated by GNU Autoconf 2.72.  Invocation command line was

  CONFIG_FILES    = 
  CONFIG_HEADERS  = 
  CONFIG_LINKS    = 
  CONFIG_COMMANDS = 
  $ ./config.status 

on Raspberrypi4B

config.status:797: creating Makefile
config.status:797: creating pkgIndex.tcl
configure:8662: WARNING: unrecognized options: --with-tclinclude, --enable-shared

## ---------------- ##
## Cache variables. ##
## ---------------- ##

ac_cv_c_compiler_gnu=yes
ac_cv_c_tclconfig=/home/iot25/machenfeng/kank/sq_work/tcl9.0.1/build
ac_cv_c_tdbcconfig=/home/iot25/machenfeng/kank/sq_work/tcl9.0.1/build/pkgs/tdbc1.1.10
ac_cv_env_CC_set=
ac_cv_env_CC_value=
ac_cv_env_CFLAGS_set=
ac_cv_env_CFLAGS_value=
ac_cv_env_CPPFLAGS_set=
ac_cv_env_CPPFLAGS_value=
ac_cv_env_LDFLAGS_set=
ac_cv_env_LDFLAGS_value=
ac_cv_env_LIBS_set=
ac_cv_env_LIBS_value=
ac_cv_env_build_alias_set=
ac_cv_env_build_alias_value=
ac_cv_env_host_alias_set=
ac_cv_env_host_alias_value=
ac_cv_env_target_alias_set=
ac_cv_env_target_alias_value=
ac_cv_func_lseek64=yes
ac_cv_func_open64=yes
ac_cv_header_inttypes_h=yes
ac_cv_header_stdbool_h=yes
ac_cv_header_stdint_h=yes
ac_cv_header_stdio_h=yes
ac_cv_header_stdlib_h=yes
ac_cv_header_string_h=yes
ac_cv_header_strings_h=yes
ac_cv_header_sys_stat_h=yes
ac_cv_header_sys_types_h=yes
ac_cv_header_unistd_h=yes
ac_cv_lib_pthread_pthread_mutex_init=yes
ac_cv_objext=o
ac_cv_prog_ac_ct_AR=ar
ac_cv_prog_ac_ct_CC=gcc
ac_cv_prog_ac_ct_RANLIB=ranlib
ac_cv_prog_cc_c11=
ac_cv_prog_cc_g=yes
ac_cv_prog_cc_stdc=
tcl_cv_DIR64=no
tcl_cv__time_bits=no
tcl_cv_cast_to_union=yes
tcl_cv_cc_visibility_hidden=yes
tcl_cv_flag__file_offset_bits=yes
tcl_cv_flag__isoc99_source=no
tcl_cv_struct_dirent64=no
tcl_cv_struct_stat64=no
tcl_cv_sys_version=Linux-5.15.32-v7l+
tcl_cv_time_t_64=no
tcl_cv_type_64bit='long long'
tcl_cv_type_off64_t=no

## ----------------- ##
## Output variables. ##
## ----------------- ##

AR='ar'
CC='gcc'
CFLAGS=' '
CFLAGS_DEBUG='-g'
CFLAGS_DEFAULT='-O2 -fomit-frame-pointer -DNDEBUG'
CFLAGS_OPTIMIZE='-O2 -fomit-frame-pointer'
CFLAGS_WARNING='-Wall'
CLEANFILES=''
CPPFLAGS=''
CYGPATH='echo'
DEFS='-DPACKAGE_NAME=\"tdbcsqlite3\" -DPACKAGE_TARNAME=\"tdbcsqlite3\" -DPACKAGE_VERSION=\"1.1.10\" -DPACKAGE_STRING=\"tdbcsqlite3\ 1.1.10\" -DPACKAGE_BUGREPORT=\"\" -DPACKAGE_URL=\"\" -DBUILD_tdbcsqlite3=/\*\*/ -DUSE_THREAD_ALLOC=1 -D_REENTRANT=1 -D_THREAD_SAFE=1 -DTCL_THREADS=1 -DHAVE_STDIO_H=1 -DHAVE_STDLIB_H=1 -DHAVE_STRING_H=1 -DHAVE_INTTYPES_H=1 -DHAVE_STDINT_H=1 -DHAVE_STRINGS_H=1 -DHAVE_SYS_STAT_H=1 -DHAVE_SYS_TYPES_H=1 -DHAVE_UNISTD_H=1 -DSTDC_HEADERS=1 -DMODULE_SCOPE=extern\ __attribute__\(\(__visibility__\(\"hidden\"\)\)\) -DHAVE_HIDDEN=1 -DHAVE_CAST_TO_UNION=1 -DHAVE_STDBOOL_H=1 -D_FILE_OFFSET_BITS=64 -DTCL_WIDE_INT_TYPE=long\ long -DHAVE_OPEN64=1 -DHAVE_LSEEK64=1 -DTCL_CFG_OPTIMIZED=1'
ECHO_C=''
ECHO_N='-n'
ECHO_T=''
EXEEXT=''
INSTALL='$(SHELL) $(srcdir)/tclconfig/install-sh -c'
INSTALL_DATA='${INSTALL} -m 644'
INSTALL_DATA_DIR='${INSTALL} -d -m 755'
INSTALL_LIBRARY='${INSTALL} -m 644'
INSTALL_PROGRAM='${INSTALL} -m 755'
INSTALL_SCRIPT='${INSTALL} -m 755'
LDFLAGS=' -Wl,--export-dynamic '
LDFLAGS_DEBUG=''
LDFLAGS_DEFAULT=''
LDFLAGS_OPTIMIZE=''
LD_LIBRARY_PATH_VAR='LD_LIBRARY_PATH'
LIBOBJS=''
LIBS=''
LTLIBOBJS=''
OBJEXT='o'
PACKAGE_BUGREPORT=''
PACKAGE_NAME='tdbcsqlite3'
PACKAGE_STRING='tdbcsqlite3 1.1.10'
PACKAGE_TARNAME='tdbcsqlite3'
PACKAGE_URL=''
PACKAGE_VERSION='1.1.10'
PATH_SEPARATOR=':'
PKG_CFLAGS=''
PKG_HEADERS=''
PKG_INCLUDES=''
PKG_LIBS=' -L/home/iot25/machenfeng/kank/sq_work/tcl9.0.1/build/pkgs/tdbc1.1.10 -ltdbcstub'
PKG_LIB_FILE8=''
PKG_LIB_FILE9=''
PKG_LIB_FILE=''
PKG_STUB_OBJECTS=''
PKG_STUB_SOURCES=''
PKG_TCL_SOURCES=' library/tdbcsqlite3.tcl'
RANLIB='ranlib'
RC=''
SHELL='/bin/bash'
SHLIB_CFLAGS='-fPIC'
SHLIB_LD='${CC} ${CFLAGS} ${LDFLAGS_DEFAULT} -shared'
SHLIB_LD_LIBS='${LIBS}'
STLIB_LD='${AR} cr'
TCLSH_PROG='/home/iot25/machenfeng/kank/sq_work/tcl9.0.1/build/tclsh'
TCL_BIN_DIR='/home/iot25/machenfeng/kank/sq_work/tcl9.0.1/build'
TCL_DEFS='-DPACKAGE_NAME=\"tcl\" -DPACKAGE_TARNAME=\"tcl\" -DPACKAGE_VERSION=\"9.0\" -DPACKAGE_STRING=\"tcl\ 9.0\" -DPACKAGE_BUGREPORT=\"\" -DPACKAGE_URL=\"\" -DHAVE_STDIO_H=1 -DHAVE_STDLIB_H=1 -DHAVE_STRING_H=1 -DHAVE_INTTYPES_H=1 -DHAVE_STDINT_H=1 -DHAVE_STRINGS_H=1 -DHAVE_SYS_STAT_H=1 -DHAVE_SYS_TYPES_H=1 -DHAVE_UNISTD_H=1 -DHAVE_SYS_TIME_H=1 -DSTDC_HEADERS=1 -DHAVE_SYS_PARAM_H=1 -DTCL_CFGVAL_ENCODING=\"utf-8\" -D_REENTRANT=1 -D_THREAD_SAFE=1 -DHAVE_PTHREAD_ATTR_SETSTACKSIZE=1 -DHAVE_PTHREAD_ATFORK=1 -DHAVE_DECL_PTHREAD_MUTEX_RECURSIVE=1 -DMODULE_SCOPE=extern\ __attribute__\(\(__visibility__\(\"hidden\"\)\)\) -DHAVE_HIDDEN=1 -DHAVE_CAST_TO_UNION=1 -DHAVE_STDBOOL_H=1 -DHAVE_VFORK=1 -DHAVE_POSIX_SPAWNP=1 -DHAVE_POSIX_SPAWN_FILE_ACTIONS_ADDDUP2=1 -DHAVE_POSIX_SPAWNATTR_SETFLAGS=1 -DTCL_SHLIB_EXT=\".so\" -DNDEBUG=1 -DTCL_CFG_OPTIMIZED=1 -DMP_PREC=4 -D_FILE_OFFSET_BITS=64 -D_LARGEFILE64_SOURCE=1 -DHAVE_STRUCT_DIRENT64=1 -DHAVE_OPEN64=1 -DHAVE_LSEEK64=1 -DHAVE_TYPE_OFF64_T=1 -DHAVE_GETCWD=1 -DHAVE_MKSTEMP=1 -DHAVE_WAITPID=1 -DHAVE_GETNAMEINFO=1 -DHAVE_GETADDRINFO=1 -DHAVE_FREEADDRINFO=1 -DHAVE_GAI_STRERROR=1 -DHAVE_STRUCT_ADDRINFO=1 -DHAVE_STRUCT_IN6_ADDR=1 -DHAVE_STRUCT_SOCKADDR_IN6=1 -DHAVE_STRUCT_SOCKADDR_STORAGE=1 -DHAVE_GETPWUID_R_5=1 -DHAVE_GETPWUID_R=1 -DHAVE_GETPWNAM_R_5=1 -DHAVE_GETPWNAM_R=1 -DHAVE_GETGRGID_R_5=1 -DHAVE_GETGRGID_R=1 -DHAVE_GETGRNAM_R_5=1 -DHAVE_GETGRNAM_R=1 -DHAVE_DECL_GETHOSTBYNAME_R=1 -DHAVE_GETHOSTBYNAME_R_6=1 -DHAVE_GETHOSTBYNAME_R=1 -DHAVE_DECL_GETHOSTBYADDR_R=1 -DHAVE_GETHOSTBYADDR_R_8=1 -DHAVE_GETHOSTBYADDR_R=1 -DHAVE_TERMIOS_H=1 -DHAVE_SYS_IOCTL_H=1 -DHAVE_PSELECT=1 -DHAVE_SYS_EPOLL_H=1 -DNOTIFIER_EPOLL=1 -DHAVE_SYS_EVENTFD_H=1 -DHAVE_EVENTFD=1 -DHAVE_SYS_TIME_H=1 -DHAVE_GMTIME_R=1 -DHAVE_LOCALTIME_R=1 -DHAVE_TM_GMTOFF=1 -DHAVE_TIMEZONE_VAR=1 -DHAVE_STRUCT_STAT_ST_BLOCKS=1 -DHAVE_STRUCT_STAT_ST_BLKSIZE=1 -DHAVE_STRUCT_STAT_ST_RDEV=1 -DHAVE_BLKCNT_T=1 -DHAVE_INTPTR_T=1 -DHAVE_UINTPTR_T=1 -DNO_UNION_WAIT=1 -D__CHAR_UNSIGNED__=1 -DHAVE_SIGNED_CHAR=1 -DHAVE_LANGINFO=1 -DHAVE_CFMAKERAW=1 -DHAVE_MKSTEMPS=1 -DHAVE_FTS=1 -DHAVE_SYS_IOCTL_H=1 -DTCL_UNLOAD_DLLS=1 -DZIPFS_BUILD=1'
TCL_EXTRA_CFLAGS=' -pipe -finput-charset=UTF-8 '
TCL_LD_FLAGS=' -Wl,--export-dynamic '
TCL_LIBS='-ldl -lz  -lpthread -lm'
TCL_LIB_FILE='libtcl9.0.so'
TCL_LIB_FLAG='-ltcl9.0'
TCL_LIB_SPEC='-L/home/iot25/machenfeng/kank/sq_work/tcl9.0.1/build -ltcl9.0'
TCL_MAJOR_VERSION='9'
TCL_MINOR_VERSION='0'
TCL_PATCH_LEVEL='.1'
TCL_SHLIB_LD_LIBS='${LIBS}'
TCL_SRC_DIR='/home/iot25/machenfeng/kank/sq_work/tcl9.0.1'
TCL_STUB_LIB_FILE='libtclstub.a'
TCL_STUB_LIB_FLAG='-ltclstub'
TCL_STUB_LIB_SPEC='-L/home/iot25/machenfeng/kank/sq_work/tcl9.0.1/build -ltclstub'
TCL_THREADS='1'
TCL_VERSION='9.0'
TDBC_LIB_FILE='libtcl9tdbc1.1.10.so'
TDBC_VERSION='1.1.10'
ac_ct_CC='gcc'
bindir='${exec_prefix}/bin'
build_alias=''
datadir='${datarootdir}'
datarootdir='${prefix}/share'
docdir='${datarootdir}/doc/${PACKAGE_TARNAME}'
dvidir='${docdir}'
exec_prefix='/home/iot25/machenfeng/kank/sq_work/tcl9.0.1/build'
host_alias=''
htmldir='${docdir}'
includedir='${prefix}/include'
infodir='${datarootdir}/info'
libdir='/home/iot25/machenfeng/kank/sq_work/tcl9.0.1/build/lib'
libexecdir='${exec_prefix}/libexec'
localedir='${datarootdir}/locale'
localstatedir='${prefix}/var'
mandir='${datarootdir}/man'
oldincludedir='/usr/include'
pdfdir='${docdir}'
prefix='/home/iot25/machenfeng/kank/sq_work/tcl9.0.1/build'
program_transform_name='s,x,x,'
psdir='${docdir}'
runstatedir='${localstatedir}/run'
sbindir='${exec_prefix}/sbin'
sharedstatedir='${prefix}/com'
sysconfdir='${prefix}/etc'
target_alias=''
tdbc_BIN_DIR='/home/iot25/machenfeng/kank/sq_work/tcl9.0.1/build/pkgs/tdbc1.1.10'
tdbc_LIBRARY_PATH='/home/iot25/machenfeng/kank/sq_work/tcl9.0.1/pkgs/tdbc1.1.10/library'
tdbc_LIB_FILE='libtcl9tdbc1.1.10.so'
tdbc_LIB_SPEC='-L/home/iot25/machenfeng/kank/sq_work/tcl9.0.1/build/pkgs/tdbc1.1.10 -ltdbc1.1.10'
tdbc_SRC_DIR='/home/iot25/machenfeng/kank/sq_work/tcl9.0.1/pkgs/tdbc1.1.10'
tdbc_STUB_LIB_FILE='libtdbcstub.a'
tdbc_STUB_LIB_PATH='/home/iot25/machenfeng/kank/sq_work/tcl9.0.1/build/pkgs/tdbc1.1.10/libtdbcstub.a'
tdbc_STUB_LIB_SPEC='-L/home/iot25/machenfeng/kank/sq_work/tcl9.0.1/build/pkgs/tdbc1.1.10 -ltdbcstub'
tdbc_VERSION='1.1.10'

## ----------- ##
## confdefs.h. ##
## ----------- ##

/* confdefs.h */
#define PACKAGE_NAME "tdbcsqlite3"
#define PACKAGE_TARNAME "tdbcsqlite3"
#define PACKAGE_VERSION "1.1.10"
#define PACKAGE_STRING "tdbcsqlite3 1.1.10"
#define PACKAGE_BUGREPORT ""
#define PACKAGE_URL ""
#define BUILD_tdbcsqlite3 /**/
#define USE_THREAD_ALLOC 1
#define _REENTRANT 1
#define _THREAD_SAFE 1
#define TCL_THREADS 1
#define HAVE_STDIO_H 1
#define HAVE_STDLIB_H 1
#define HAVE_STRING_H 1
#define HAVE_INTTYPES_H 1
#define HAVE_STDINT_H 1
#define HAVE_STRINGS_H 1
#define HAVE_SYS_STAT_H 1
#define HAVE_SYS_TYPES_H 1
#define HAVE_UNISTD_H 1
#define STDC_HEADERS 1
#define MODULE_SCOPE extern __attribute__((__visibility__("hidden")))
#define HAVE_HIDDEN 1
#define HAVE_CAST_TO_UNION 1
#define HAVE_STDBOOL_H 1
#define _FILE_OFFSET_BITS 64
#define TCL_WIDE_INT_TYPE long long
#define HAVE_OPEN64 1
#define HAVE_LSEEK64 1
#define TCL_CFG_OPTIMIZED 1

configure: exit 0
